<?xml version="1.0" encoding="UTF-8"?>
<!-- Generated by org.testng.reporters.JUnitXMLReporter -->
<testsuite hostname="office-PC" name="TestGC" tests="3" failures="0" timestamp="10 Jul 2016 17:24:53 GMT" time="65.626" errors="0">
  <testcase name="testValidLoginLogout" time="14.246" classname="scriptsbyusingparameters.ValidLoginLogout"/>
  <testcase name="testInvalidLogin" time="11.696" classname="scriptsbyusingparameters.InvalidLogin"/>
  <testcase name="testVerifyAboutPopup" time="8.526" classname="scriptsbyusingparameters.VerifyAboutPopup"/>
</testsuite> <!-- TestGC -->
