<?xml version="1.0" encoding="UTF-8"?>
<testng-results skipped="1" failed="0" total="1" passed="0">
  <reporter-output>
  </reporter-output>
  <suite name="Default suite" duration-ms="51189" started-at="2016-09-19T18:37:36Z" finished-at="2016-09-19T18:38:27Z">
    <groups>
    </groups>
    <test name="Default test" duration-ms="51189" started-at="2016-09-19T18:37:36Z" finished-at="2016-09-19T18:38:27Z">
      <class name="com.msupply.SCRIPTS.FunctionalHome">
        <test-method status="FAIL" signature="preCondtions()[pri:0, instance:com.msupply.SCRIPTS.FunctionalHome@52e99642]" name="preCondtions" is-config="true" duration-ms="0" started-at="2016-09-20T00:07:36Z" finished-at="2016-09-20T00:07:36Z">
          <exception class="org.openqa.selenium.WebDriverException">
            <message>
              <![CDATA[Failed to connect to binary FirefoxBinary(C:\Program Files\Mozilla Firefox\firefox.exe) on port 7055; process output follows: 
nternet Ã¼zerindeki korumanÄ±z","creator":null,"homepageURL":null},{"locales":["uk"],"name":"Kaspersky Protection","description":"Ð’Ð°Ñˆ Ð·Ð°Ñ…Ð¸Ñ�Ñ‚ Ð² Ð†Ð½Ñ‚ÐµÑ€Ð½ÐµÑ‚Ñ– Ð· Ñ€Ð¾Ð·ÑˆÐ¸Ñ€ÐµÐ½Ð½Ñ�Ð¼ Ð²Ñ–Ð´ \"Ð›Ð°Ð±Ð¾Ñ€Ð°Ñ‚Ð¾Ñ€Ñ–Ñ— ÐšÐ°Ñ�Ð¿ÐµÑ€Ñ�ÑŒÐºÐ¾Ð³Ð¾\"","creator":null,"homepageURL":null},{"locales":["vi"],"name":"Kaspersky Protection","description":"BaÌ‰o vÃªÌ£ baÌ£n trÃªn Internet vÆ¡Ì�i phÃ¢Ì€n mÆ¡Ì‰ rÃ´Ì£ng tÆ°Ì€ Kaspersky Lab","creator":null,"homepageURL":null},{"locales":["zh-Hans"],"name":"å�¡å·´æ–¯åŸºä¿�æŠ¤","description":"ä½¿ç”¨ Kaspersky Lab çš„æ‰©å±•åŠŸèƒ½å¯¹æ‚¨çš„äº’è�”ç½‘çš„ä¿�æŠ¤ã€‚","creator":null,"homepageURL":null},{"locales":["zh-Hant"],"name":"å�¡å·´æ–¯åŸºé˜²è­·","description":"ä½¿ç”¨å�¡å·´æ–¯åŸºå¯¦é©—å®¤çš„å»¶ä¼¸åŠŸèƒ½å°�æ‚¨çš„ç¶²éš›ç¶²è·¯çš„é˜²è­·ã€‚","creator":null,"homepageURL":null}],"targetApplications":[{"id":"{ec8030f7-c20a-464f-9b0e-13a3a9e97384}","minVersion":"38.0a1","maxVersion":"43.0"}],"targetPlatforms":[],"multiprocessCompatible":false,"signedState":1,"seen":true}
1474310263358	DeferredSave.extensions.json	DEBUG	Save changes
1474310263358	addons.xpi	DEBUG	Updating database with changes to installed add-ons
1474310263358	addons.xpi-utils	DEBUG	Updating add-on states
1474310263360	addons.xpi-utils	DEBUG	Writing add-ons list
1474310263363	addons.xpi	DEBUG	Registering manifest for C:\Program Files\Mozilla Firefox\browser\features\e10srollout@mozilla.org.xpi
1474310263363	addons.xpi	DEBUG	Calling bootstrap method startup on e10srollout@mozilla.org version 1.0
1474310263363	addons.xpi	DEBUG	Registering manifest for C:\Program Files\Mozilla Firefox\browser\features\firefox@getpocket.com.xpi
1474310263364	addons.xpi	DEBUG	Calling bootstrap method startup on firefox@getpocket.com version 1.0.4
1474310263365	addons.xpi	DEBUG	Registering manifest for C:\Program Files\Mozilla Firefox\browser\features\loop@mozilla.org.xpi
1474310263366	addons.xpi	DEBUG	Calling bootstrap method startup on loop@mozilla.org version 1.4.3
1474310263391	addons.manager	DEBUG	Registering shutdown blocker for XPIProvider
1474310263391	addons.manager	DEBUG	Provider finished startup: XPIProvider
1474310263391	addons.manager	DEBUG	Starting provider: LightweightThemeManager
1474310263391	addons.manager	DEBUG	Registering shutdown blocker for LightweightThemeManager
1474310263392	addons.manager	DEBUG	Provider finished startup: LightweightThemeManager
1474310263392	addons.manager	DEBUG	Starting provider: GMPProvider
1474310263402	addons.manager	DEBUG	Registering shutdown blocker for GMPProvider
1474310263403	addons.manager	DEBUG	Provider finished startup: GMPProvider
1474310263403	addons.manager	DEBUG	Starting provider: PluginProvider
1474310263403	addons.manager	DEBUG	Registering shutdown blocker for PluginProvider
1474310263403	addons.manager	DEBUG	Provider finished startup: PluginProvider
1474310263404	addons.manager	DEBUG	Completed startup sequence
1474310267010	addons.manager	DEBUG	Starting provider: <unnamed-provider>
1474310267010	addons.manager	DEBUG	Registering shutdown blocker for <unnamed-provider>
1474310267010	addons.manager	DEBUG	Provider finished startup: <unnamed-provider>
1474310267460	DeferredSave.extensions.json	DEBUG	Write succeeded
1474310267461	addons.xpi-utils	DEBUG	XPI Database saved, setting schema version preference to 17
1474310267461	DeferredSave.extensions.json	DEBUG	Starting timer
1474310267518	DeferredSave.extensions.json	DEBUG	Starting write
1474310267533	addons.repository	DEBUG	No addons.json found.
1474310267534	DeferredSave.addons.json	DEBUG	Save changes
1474310267573	DeferredSave.addons.json	DEBUG	Starting timer
1474310267612	addons.manager	DEBUG	Starting provider: PreviousExperimentProvider
1474310267612	addons.manager	DEBUG	Registering shutdown blocker for PreviousExperimentProvider
1474310267613	addons.manager	DEBUG	Provider finished startup: PreviousExperimentProvider
1474310267624	DeferredSave.extensions.json	DEBUG	Write succeeded
1474310267625	DeferredSave.addons.json	DEBUG	Starting write
1474310267670	DeferredSave.addons.json	DEBUG	Write succeeded

Build info: version: '2.53.0', revision: '35ae25b', time: '2016-03-15 17:00:58'
System info: host: 'office-PC', ip: '192.168.0.125', os.name: 'Windows 7', os.arch: 'amd64', os.version: '6.1', java.version: '1.7.0_79'
Driver info: driver.version: FirefoxDriver]]>
            </message>
            <full-stacktrace>
              <![CDATA[org.openqa.selenium.WebDriverException: Failed to connect to binary FirefoxBinary(C:\Program Files\Mozilla Firefox\firefox.exe) on port 7055; process output follows: 
nternet Ã¼zerindeki korumanÄ±z","creator":null,"homepageURL":null},{"locales":["uk"],"name":"Kaspersky Protection","description":"Ð’Ð°Ñˆ Ð·Ð°Ñ…Ð¸Ñ�Ñ‚ Ð² Ð†Ð½Ñ‚ÐµÑ€Ð½ÐµÑ‚Ñ– Ð· Ñ€Ð¾Ð·ÑˆÐ¸Ñ€ÐµÐ½Ð½Ñ�Ð¼ Ð²Ñ–Ð´ \"Ð›Ð°Ð±Ð¾Ñ€Ð°Ñ‚Ð¾Ñ€Ñ–Ñ— ÐšÐ°Ñ�Ð¿ÐµÑ€Ñ�ÑŒÐºÐ¾Ð³Ð¾\"","creator":null,"homepageURL":null},{"locales":["vi"],"name":"Kaspersky Protection","description":"BaÌ‰o vÃªÌ£ baÌ£n trÃªn Internet vÆ¡Ì�i phÃ¢Ì€n mÆ¡Ì‰ rÃ´Ì£ng tÆ°Ì€ Kaspersky Lab","creator":null,"homepageURL":null},{"locales":["zh-Hans"],"name":"å�¡å·´æ–¯åŸºä¿�æŠ¤","description":"ä½¿ç”¨ Kaspersky Lab çš„æ‰©å±•åŠŸèƒ½å¯¹æ‚¨çš„äº’è�”ç½‘çš„ä¿�æŠ¤ã€‚","creator":null,"homepageURL":null},{"locales":["zh-Hant"],"name":"å�¡å·´æ–¯åŸºé˜²è­·","description":"ä½¿ç”¨å�¡å·´æ–¯åŸºå¯¦é©—å®¤çš„å»¶ä¼¸åŠŸèƒ½å°�æ‚¨çš„ç¶²éš›ç¶²è·¯çš„é˜²è­·ã€‚","creator":null,"homepageURL":null}],"targetApplications":[{"id":"{ec8030f7-c20a-464f-9b0e-13a3a9e97384}","minVersion":"38.0a1","maxVersion":"43.0"}],"targetPlatforms":[],"multiprocessCompatible":false,"signedState":1,"seen":true}
1474310263358	DeferredSave.extensions.json	DEBUG	Save changes
1474310263358	addons.xpi	DEBUG	Updating database with changes to installed add-ons
1474310263358	addons.xpi-utils	DEBUG	Updating add-on states
1474310263360	addons.xpi-utils	DEBUG	Writing add-ons list
1474310263363	addons.xpi	DEBUG	Registering manifest for C:\Program Files\Mozilla Firefox\browser\features\e10srollout@mozilla.org.xpi
1474310263363	addons.xpi	DEBUG	Calling bootstrap method startup on e10srollout@mozilla.org version 1.0
1474310263363	addons.xpi	DEBUG	Registering manifest for C:\Program Files\Mozilla Firefox\browser\features\firefox@getpocket.com.xpi
1474310263364	addons.xpi	DEBUG	Calling bootstrap method startup on firefox@getpocket.com version 1.0.4
1474310263365	addons.xpi	DEBUG	Registering manifest for C:\Program Files\Mozilla Firefox\browser\features\loop@mozilla.org.xpi
1474310263366	addons.xpi	DEBUG	Calling bootstrap method startup on loop@mozilla.org version 1.4.3
1474310263391	addons.manager	DEBUG	Registering shutdown blocker for XPIProvider
1474310263391	addons.manager	DEBUG	Provider finished startup: XPIProvider
1474310263391	addons.manager	DEBUG	Starting provider: LightweightThemeManager
1474310263391	addons.manager	DEBUG	Registering shutdown blocker for LightweightThemeManager
1474310263392	addons.manager	DEBUG	Provider finished startup: LightweightThemeManager
1474310263392	addons.manager	DEBUG	Starting provider: GMPProvider
1474310263402	addons.manager	DEBUG	Registering shutdown blocker for GMPProvider
1474310263403	addons.manager	DEBUG	Provider finished startup: GMPProvider
1474310263403	addons.manager	DEBUG	Starting provider: PluginProvider
1474310263403	addons.manager	DEBUG	Registering shutdown blocker for PluginProvider
1474310263403	addons.manager	DEBUG	Provider finished startup: PluginProvider
1474310263404	addons.manager	DEBUG	Completed startup sequence
1474310267010	addons.manager	DEBUG	Starting provider: <unnamed-provider>
1474310267010	addons.manager	DEBUG	Registering shutdown blocker for <unnamed-provider>
1474310267010	addons.manager	DEBUG	Provider finished startup: <unnamed-provider>
1474310267460	DeferredSave.extensions.json	DEBUG	Write succeeded
1474310267461	addons.xpi-utils	DEBUG	XPI Database saved, setting schema version preference to 17
1474310267461	DeferredSave.extensions.json	DEBUG	Starting timer
1474310267518	DeferredSave.extensions.json	DEBUG	Starting write
1474310267533	addons.repository	DEBUG	No addons.json found.
1474310267534	DeferredSave.addons.json	DEBUG	Save changes
1474310267573	DeferredSave.addons.json	DEBUG	Starting timer
1474310267612	addons.manager	DEBUG	Starting provider: PreviousExperimentProvider
1474310267612	addons.manager	DEBUG	Registering shutdown blocker for PreviousExperimentProvider
1474310267613	addons.manager	DEBUG	Provider finished startup: PreviousExperimentProvider
1474310267624	DeferredSave.extensions.json	DEBUG	Write succeeded
1474310267625	DeferredSave.addons.json	DEBUG	Starting write
1474310267670	DeferredSave.addons.json	DEBUG	Write succeeded

Build info: version: '2.53.0', revision: '35ae25b', time: '2016-03-15 17:00:58'
System info: host: 'office-PC', ip: '192.168.0.125', os.name: 'Windows 7', os.arch: 'amd64', os.version: '6.1', java.version: '1.7.0_79'
Driver info: driver.version: FirefoxDriver
	at org.openqa.selenium.firefox.internal.NewProfileExtensionConnection.start(NewProfileExtensionConnection.java:124)
	at org.openqa.selenium.firefox.FirefoxDriver.startClient(FirefoxDriver.java:271)
	at org.openqa.selenium.remote.RemoteWebDriver.<init>(RemoteWebDriver.java:119)
	at org.openqa.selenium.firefox.FirefoxDriver.<init>(FirefoxDriver.java:218)
	at org.openqa.selenium.firefox.FirefoxDriver.<init>(FirefoxDriver.java:211)
	at org.openqa.selenium.firefox.FirefoxDriver.<init>(FirefoxDriver.java:207)
	at org.openqa.selenium.firefox.FirefoxDriver.<init>(FirefoxDriver.java:120)
	at com.msupply.SCRIPTS.BaseTest.preCondtions(BaseTest.java:18)
	at sun.reflect.NativeMethodAccessorImpl.invoke0(Native Method)
	at sun.reflect.NativeMethodAccessorImpl.invoke(Unknown Source)
	at sun.reflect.DelegatingMethodAccessorImpl.invoke(Unknown Source)
	at java.lang.reflect.Method.invoke(Unknown Source)
	at org.testng.internal.MethodInvocationHelper.invokeMethod(MethodInvocationHelper.java:86)
	at org.testng.internal.Invoker.invokeConfigurationMethod(Invoker.java:515)
	at org.testng.internal.Invoker.invokeConfigurations(Invoker.java:216)
	at org.testng.internal.Invoker.invokeMethod(Invoker.java:590)
	at org.testng.internal.Invoker.invokeTestMethod(Invoker.java:823)
	at org.testng.internal.Invoker.invokeTestMethods(Invoker.java:1131)
	at org.testng.internal.TestMethodWorker.invokeTestMethods(TestMethodWorker.java:129)
	at org.testng.internal.TestMethodWorker.run(TestMethodWorker.java:112)
	at org.testng.TestRunner.privateRun(TestRunner.java:778)
	at org.testng.TestRunner.run(TestRunner.java:632)
	at org.testng.SuiteRunner.runTest(SuiteRunner.java:366)
	at org.testng.SuiteRunner.runSequentially(SuiteRunner.java:361)
	at org.testng.SuiteRunner.privateRun(SuiteRunner.java:319)
	at org.testng.SuiteRunner.run(SuiteRunner.java:268)
	at org.testng.SuiteRunnerWorker.runSuite(SuiteRunnerWorker.java:52)
	at org.testng.SuiteRunnerWorker.run(SuiteRunnerWorker.java:86)
	at org.testng.TestNG.runSuitesSequentially(TestNG.java:1225)
	at org.testng.TestNG.runSuitesLocally(TestNG.java:1150)
	at org.testng.TestNG.runSuites(TestNG.java:1075)
	at org.testng.TestNG.run(TestNG.java:1047)
	at org.testng.remote.AbstractRemoteTestNG.run(AbstractRemoteTestNG.java:126)
	at org.testng.remote.RemoteTestNG.initAndRun(RemoteTestNG.java:137)
	at org.testng.remote.RemoteTestNG.main(RemoteTestNG.java:58)
Caused by: org.openqa.selenium.firefox.NotConnectedException: Unable to connect to host 127.0.0.1 on port 7055 after 45000 ms. Firefox console output:
nternet Ã¼zerindeki korumanÄ±z","creator":null,"homepageURL":null},{"locales":["uk"],"name":"Kaspersky Protection","description":"Ð’Ð°Ñˆ Ð·Ð°Ñ…Ð¸Ñ�Ñ‚ Ð² Ð†Ð½Ñ‚ÐµÑ€Ð½ÐµÑ‚Ñ– Ð· Ñ€Ð¾Ð·ÑˆÐ¸Ñ€ÐµÐ½Ð½Ñ�Ð¼ Ð²Ñ–Ð´ \"Ð›Ð°Ð±Ð¾Ñ€Ð°Ñ‚Ð¾Ñ€Ñ–Ñ— ÐšÐ°Ñ�Ð¿ÐµÑ€Ñ�ÑŒÐºÐ¾Ð³Ð¾\"","creator":null,"homepageURL":null},{"locales":["vi"],"name":"Kaspersky Protection","description":"BaÌ‰o vÃªÌ£ baÌ£n trÃªn Internet vÆ¡Ì�i phÃ¢Ì€n mÆ¡Ì‰ rÃ´Ì£ng tÆ°Ì€ Kaspersky Lab","creator":null,"homepageURL":null},{"locales":["zh-Hans"],"name":"å�¡å·´æ–¯åŸºä¿�æŠ¤","description":"ä½¿ç”¨ Kaspersky Lab çš„æ‰©å±•åŠŸèƒ½å¯¹æ‚¨çš„äº’è�”ç½‘çš„ä¿�æŠ¤ã€‚","creator":null,"homepageURL":null},{"locales":["zh-Hant"],"name":"å�¡å·´æ–¯åŸºé˜²è­·","description":"ä½¿ç”¨å�¡å·´æ–¯åŸºå¯¦é©—å®¤çš„å»¶ä¼¸åŠŸèƒ½å°�æ‚¨çš„ç¶²éš›ç¶²è·¯çš„é˜²è­·ã€‚","creator":null,"homepageURL":null}],"targetApplications":[{"id":"{ec8030f7-c20a-464f-9b0e-13a3a9e97384}","minVersion":"38.0a1","maxVersion":"43.0"}],"targetPlatforms":[],"multiprocessCompatible":false,"signedState":1,"seen":true}
1474310263358	DeferredSave.extensions.json	DEBUG	Save changes
1474310263358	addons.xpi	DEBUG	Updating database with changes to installed add-ons
1474310263358	addons.xpi-utils	DEBUG	Updating add-on states
1474310263360	addons.xpi-utils	DEBUG	Writing add-ons list
1474310263363	addons.xpi	DEBUG	Registering manifest for C:\Program Files\Mozilla Firefox\browser\features\e10srollout@mozilla.org.xpi
1474310263363	addons.xpi	DEBUG	Calling bootstrap method startup on e10srollout@mozilla.org version 1.0
1474310263363	addons.xpi	DEBUG	Registering manifest for C:\Program Files\Mozilla Firefox\browser\features\firefox@getpocket.com.xpi
1474310263364	addons.xpi	DEBUG	Calling bootstrap method startup on firefox@getpocket.com version 1.0.4
1474310263365	addons.xpi	DEBUG	Registering manifest for C:\Program Files\Mozilla Firefox\browser\features\loop@mozilla.org.xpi
1474310263366	addons.xpi	DEBUG	Calling bootstrap method startup on loop@mozilla.org version 1.4.3
1474310263391	addons.manager	DEBUG	Registering shutdown blocker for XPIProvider
1474310263391	addons.manager	DEBUG	Provider finished startup: XPIProvider
1474310263391	addons.manager	DEBUG	Starting provider: LightweightThemeManager
1474310263391	addons.manager	DEBUG	Registering shutdown blocker for LightweightThemeManager
1474310263392	addons.manager	DEBUG	Provider finished startup: LightweightThemeManager
1474310263392	addons.manager	DEBUG	Starting provider: GMPProvider
1474310263402	addons.manager	DEBUG	Registering shutdown blocker for GMPProvider
1474310263403	addons.manager	DEBUG	Provider finished startup: GMPProvider
1474310263403	addons.manager	DEBUG	Starting provider: PluginProvider
1474310263403	addons.manager	DEBUG	Registering shutdown blocker for PluginProvider
1474310263403	addons.manager	DEBUG	Provider finished startup: PluginProvider
1474310263404	addons.manager	DEBUG	Completed startup sequence
1474310267010	addons.manager	DEBUG	Starting provider: <unnamed-provider>
1474310267010	addons.manager	DEBUG	Registering shutdown blocker for <unnamed-provider>
1474310267010	addons.manager	DEBUG	Provider finished startup: <unnamed-provider>
1474310267460	DeferredSave.extensions.json	DEBUG	Write succeeded
1474310267461	addons.xpi-utils	DEBUG	XPI Database saved, setting schema version preference to 17
1474310267461	DeferredSave.extensions.json	DEBUG	Starting timer
1474310267518	DeferredSave.extensions.json	DEBUG	Starting write
1474310267533	addons.repository	DEBUG	No addons.json found.
1474310267534	DeferredSave.addons.json	DEBUG	Save changes
1474310267573	DeferredSave.addons.json	DEBUG	Starting timer
1474310267612	addons.manager	DEBUG	Starting provider: PreviousExperimentProvider
1474310267612	addons.manager	DEBUG	Registering shutdown blocker for PreviousExperimentProvider
1474310267613	addons.manager	DEBUG	Provider finished startup: PreviousExperimentProvider
1474310267624	DeferredSave.extensions.json	DEBUG	Write succeeded
1474310267625	DeferredSave.addons.json	DEBUG	Starting write
1474310267670	DeferredSave.addons.json	DEBUG	Write succeeded

	at org.openqa.selenium.firefox.internal.NewProfileExtensionConnection.start(NewProfileExtensionConnection.java:112)
	... 34 more
]]>
            </full-stacktrace>
          </exception> <!-- org.openqa.selenium.WebDriverException -->
          <reporter-output>
          </reporter-output>
        </test-method> <!-- preCondtions -->
        <test-method status="SKIP" signature="testHomePage()[pri:0, instance:com.msupply.SCRIPTS.FunctionalHome@52e99642]" name="testHomePage" duration-ms="3" started-at="2016-09-20T00:08:27Z" finished-at="2016-09-20T00:08:27Z">
          <reporter-output>
          </reporter-output>
        </test-method> <!-- testHomePage -->
      </class> <!-- com.msupply.SCRIPTS.FunctionalHome -->
    </test> <!-- Default test -->
  </suite> <!-- Default suite -->
</testng-results>
