<?xml version="1.0" encoding="UTF-8"?>
<!-- Generated by org.testng.reporters.JUnitXMLReporter -->
<testsuite hostname="office-PC" name="TestGC" tests="5" failures="0" timestamp="20 Jul 2016 17:48:09 GMT" time="182.893" errors="0">
  <testcase name="testValidLoginLogout" time="17.512" classname="scripts.ValidLoginLogout"/>
  <testcase name="testInvalidLogin" time="63.733" classname="scripts.InvalidLogin"/>
  <testcase name="testValidLoginLogout" time="13.771" classname="scripts.verifyNavigationLink"/>
  <testcase name="testNavigation" time="3.435" classname="scripts.verifyNavigationLink"/>
  <testcase name="clickLogoutLink" time="21.124" classname="scripts.verifyNavigationLink"/>
</testsuite> <!-- TestGC -->
